Change Component Designator: Old Designator=FPC? New Designator=FPC1
Change Component Designator: Old Designator=FPC? New Designator=FPC2
Change Component Designator: Old Designator=H? New Designator=H1
Change Component Designator: Old Designator=H? New Designator=H2
Change Component Designator: Old Designator=H? New Designator=H3
Change Component Designator: Old Designator=H? New Designator=H4
Change Component Designator: Old Designator=M?? New Designator=M1
Change Component Designator: Old Designator=P? New Designator=P1
Change Component Designator: Old Designator=P? New Designator=P2
Change Component Designator: Old Designator=P? New Designator=P3
Change Component Designator: Old Designator=P? New Designator=P4
Change Component Designator: Old Designator=RGB? New Designator=RGB2
Change Component Designator: Old Designator=RGB? New Designator=RGB3
Change Component Designator: Old Designator=RGB? New Designator=RGB4
Change Component Designator: Old Designator=RGB? New Designator=RGB5
Change Component Designator: Old Designator=RGB? New Designator=RGB6
Change Component Designator: Old Designator=RGB? New Designator=RGB7
Change Component Designator: Old Designator=RGB? New Designator=RGB8
Change Component Designator: Old Designator=RGB? New Designator=RGB9
Change Component Designator: Old Designator=RGB? New Designator=RGB10
Change Component Designator: Old Designator=RGB?? New Designator=RGB1
Change Component Designator: Old Designator=U?? New Designator=U1
