Removed Pin From Net: NetName=USART3_RX Pin=FPC1-5
Removed Pin From Net: NetName=I2C2_SCL Pin=FPC1-6
Removed Pin From Net: NetName=I2C2_SDA Pin=FPC1-7
Removed Pin From Net: NetName=SRGBLED Pin=FPC1-8
Removed Pin From Net: NetName=USART2_RX Pin=FPC2-2
Removed Pin From Net: NetName=USART2_TX Pin=FPC2-3
Removed Pin From Net: NetName=AUX2 Pin=FPC2-4
Removed Pin From Net: NetName=AUX1 Pin=FPC2-5
Removed Pin From Net: NetName=UART7_RX Pin=FPC2-6
Removed Pin From Net: NetName=UART7_TX Pin=FPC2-7
Removed Pin From Net: NetName=UART5_RX Pin=FPC2-8
Removed Pin From Net: NetName=UART5_TX Pin=FPC2-9
Removed Pin From Net: NetName=USART1_RX Pin=FPC2-10
Removed Pin From Net: NetName=USART1_TX Pin=FPC2-11
Added Pin To Net: NetName=SRGBLED Pin=FPC1-5
Added Pin To Net: NetName=I2C2_SDA Pin=FPC1-6
Added Pin To Net: NetName=I2C2_SCL Pin=FPC1-7
Added Pin To Net: NetName=USART3_RX Pin=FPC1-8
Added Pin To Net: NetName=USART1_TX Pin=FPC2-2
Added Pin To Net: NetName=USART1_RX Pin=FPC2-3
Added Pin To Net: NetName=UART5_TX Pin=FPC2-4
Added Pin To Net: NetName=UART5_RX Pin=FPC2-5
Added Pin To Net: NetName=UART7_TX Pin=FPC2-6
Added Pin To Net: NetName=UART7_RX Pin=FPC2-7
Added Pin To Net: NetName=AUX1 Pin=FPC2-8
Added Pin To Net: NetName=AUX2 Pin=FPC2-9
Added Pin To Net: NetName=USART2_TX Pin=FPC2-10
Added Pin To Net: NetName=USART2_RX Pin=FPC2-11
Change Net Name : Old Net Name=SPI1_MISO New Net Name=USART6_RX
Change Net Name : Old Net Name=SPI1_MOSI New Net Name=USART3_TX
Change Net Name : Old Net Name=SPI1_SCK New Net Name=USART6_TX
Change Net Name : Old Net Name=USART3_TX New Net Name=SPI1_MOSI
Change Net Name : Old Net Name=USART6_RX New Net Name=SPI1_MISO
Change Net Name : Old Net Name=USART6_TX New Net Name=SPI1_SCK
