Change Component Designator: OldDesignator=U1 NewDesignator=U2
Added Component: Designator=C1(C0402)
Add component (AddParameter): Name = "Add into BOM"; Value = "yes"; VariantName = "[No Variations]"
Add component (AddParameter): Name = "Convert to PCB"; Value = "yes"; VariantName = "[No Variations]"
Add component (AddParameter): Name = "Name"; Value = "1uF"; VariantName = "[No Variations]"
Add component (AddParameter): Name = "Value"; Value = "1uF"; VariantName = "[No Variations]"
Added Component: Designator=C2(C0402)
Add component (AddParameter): Name = "Add into BOM"; Value = "yes"; VariantName = "[No Variations]"
Add component (AddParameter): Name = "Convert to PCB"; Value = "yes"; VariantName = "[No Variations]"
Add component (AddParameter): Name = "Name"; Value = "1uF"; VariantName = "[No Variations]"
Add component (AddParameter): Name = "Value"; Value = "1uF"; VariantName = "[No Variations]"
Added Component: Designator=C3(C0201)
Add component (AddParameter): Name = "Add into BOM"; Value = "yes"; VariantName = "[No Variations]"
Add component (AddParameter): Name = "Convert to PCB"; Value = "yes"; VariantName = "[No Variations]"
Add component (AddParameter): Name = "Name"; Value = "100nF"; VariantName = "[No Variations]"
Add component (AddParameter): Name = "Value"; Value = "100nF"; VariantName = "[No Variations]"
Added Component: Designator=C4(C0201)
Add component (AddParameter): Name = "Add into BOM"; Value = "yes"; VariantName = "[No Variations]"
Add component (AddParameter): Name = "Convert to PCB"; Value = "yes"; VariantName = "[No Variations]"
Add component (AddParameter): Name = "Name"; Value = "100nF"; VariantName = "[No Variations]"
Add component (AddParameter): Name = "Value"; Value = "100nF"; VariantName = "[No Variations]"
Added Component: Designator=C5(C0402)
Add component (AddParameter): Name = "Add into BOM"; Value = "yes"; VariantName = "[No Variations]"
Add component (AddParameter): Name = "Convert to PCB"; Value = "yes"; VariantName = "[No Variations]"
Add component (AddParameter): Name = "Name"; Value = "1uF"; VariantName = "[No Variations]"
Add component (AddParameter): Name = "Value"; Value = "1uF"; VariantName = "[No Variations]"
Added Component: Designator=C6(C0402)
Add component (AddParameter): Name = "Add into BOM"; Value = "yes"; VariantName = "[No Variations]"
Add component (AddParameter): Name = "Convert to PCB"; Value = "yes"; VariantName = "[No Variations]"
Add component (AddParameter): Name = "Name"; Value = "0.22uF"; VariantName = "[No Variations]"
Add component (AddParameter): Name = "Value"; Value = "0.22uF"; VariantName = "[No Variations]"
Added Component: Designator=C7(C0402)
Add component (AddParameter): Name = "Add into BOM"; Value = "yes"; VariantName = "[No Variations]"
Add component (AddParameter): Name = "Convert to PCB"; Value = "yes"; VariantName = "[No Variations]"
Add component (AddParameter): Name = "Name"; Value = "4.7uF"; VariantName = "[No Variations]"
Add component (AddParameter): Name = "Value"; Value = "4.7uF"; VariantName = "[No Variations]"
Added Component: Designator=P5(BurnPad)
Added Component: Designator=P6(BurnPad)
Added Component: Designator=P7(BurnPad)
Added Component: Designator=P8(BurnPad)
Added Component: Designator=U1(SOT-23-5)
Add component (AddParameter): Name = "Add into BOM"; Value = "yes"; VariantName = "[No Variations]"
Add component (AddParameter): Name = "Convert to PCB"; Value = "yes"; VariantName = "[No Variations]"
Add component (AddParameter): Name = "Datasheet"; Value = "https://atta.szlcsc.com/upload/public/pdf/source/20150504/1457707282459.pdf"; VariantName = "[No Variations]"
Add component (AddParameter): Name = "Device"; Value = "RT9013-33GB"; VariantName = "[No Variations]"
Add component (AddParameter): Name = "Dropout Voltage"; Value = "400mV@(500mA)"; VariantName = "[No Variations]"
Add component (AddParameter): Name = "Feature"; Value = "-"; VariantName = "[No Variations]"
Add component (AddParameter): Name = "JLCPCB Part Class"; Value = "Extended Part"; VariantName = "[No Variations]"
Add component (AddParameter): Name = "LCSC Part Name"; Value = "输入5.5V 输出3.3V 500mA"; VariantName = "[No Variations]"
Add component (AddParameter): Name = "Manufacturer"; Value = "RICHTEK(立)"; VariantName = "[No Variations]"
Add component (AddParameter): Name = "Manufacturer Part"; Value = "RT9013-33GB"; VariantName = "[No Variations]"
Add component (AddParameter): Name = "Maximum Input Voltage"; Value = "5.5V"; VariantName = "[No Variations]"
Add component (AddParameter): Name = "Name"; Value = "RT9013-33GB"; VariantName = "[No Variations]"
Add component (AddParameter): Name = "Noise"; Value = "-"; VariantName = "[No Variations]"
Add component (AddParameter): Name = "Number of Outputs"; Value = "1"; VariantName = "[No Variations]"
Add component (AddParameter): Name = "Operating Temperature"; Value = "-40℃~+85℃"; VariantName = "[No Variations]"
Add component (AddParameter): Name = "Output Current"; Value = "500mA"; VariantName = "[No Variations]"
Add component (AddParameter): Name = "Output Polarity"; Value = "正"; VariantName = "[No Variations]"
Add component (AddParameter): Name = "Output Type"; Value = "固定"; VariantName = "[No Variations]"
Add component (AddParameter): Name = "Output Voltage"; Value = "3.3V"; VariantName = "[No Variations]"
Add component (AddParameter): Name = "Power Supply Rejection Ratio (PSRR)"; Value = "50dB@(10kHz)"; VariantName = "[No Variations]"
Add component (AddParameter): Name = "Quiescent Current (Ground Current)"; Value = "50uA"; VariantName = "[No Variations]"
Add component (AddParameter): Name = "Supplier"; Value = "LCSC"; VariantName = "[No Variations]"
Add component (AddParameter): Name = "Supplier Footprint"; Value = "SOT-23-5"; VariantName = "[No Variations]"
Add component (AddParameter): Name = "Supplier Part"; Value = "C47773"; VariantName = "[No Variations]"
Add component (AddParameter): Name = "Symbol"; Value = "RT9013-33GB"; VariantName = "[No Variations]"
Added Component: Designator=U3(LGA-16_L3.0-W3.0-P0.50-BL_SQ)
Add component (AddParameter): Name = "Add into BOM"; Value = "yes"; VariantName = "[No Variations]"
Add component (AddParameter): Name = "Convert to PCB"; Value = "yes"; VariantName = "[No Variations]"
Add component (AddParameter): Name = "Datasheet"; Value = "https://atta.szlcsc.com/upload/public/pdf/source/20201217/C976032_5B9A2F3901E175046CBA037B1F18A1F2.pdf"; VariantName = "[No Variations]"
Add component (AddParameter): Name = "Device"; Value = "QMC5883L"; VariantName = "[No Variations]"
Add component (AddParameter): Name = "JLCPCB Part Class"; Value = "Extended Part"; VariantName = "[No Variations]"
Add component (AddParameter): Name = "LCSC Part Name"; Value = "三轴磁传感器"; VariantName = "[No Variations]"
Add component (AddParameter): Name = "Manufacturer"; Value = "QST(上海矽睿)"; VariantName = "[No Variations]"
Add component (AddParameter): Name = "Manufacturer Part"; Value = "QMC5883L"; VariantName = "[No Variations]"
Add component (AddParameter): Name = "Name"; Value = ""; VariantName = "[No Variations]"
Add component (AddParameter): Name = "Supplier"; Value = "LCSC"; VariantName = "[No Variations]"
Add component (AddParameter): Name = "Supplier Footprint"; Value = "LGA-16(3x3)"; VariantName = "[No Variations]"
Add component (AddParameter): Name = "Supplier Part"; Value = "C976032"; VariantName = "[No Variations]"
Add component (AddParameter): Name = "Symbol"; Value = "QMC5883L"; VariantName = "[No Variations]"
Added Pin To Net: NetName=System_5V Pin=C1-1
Added Pin To Net: NetName=GND Pin=C1-2
Added Pin To Net: NetName=GND Pin=C2-2
Added Pin To Net: NetName=GND Pin=C3-2
Added Pin To Net: NetName=GND Pin=C4-2
Added Pin To Net: NetName=GND Pin=C5-1
Added Pin To Net: NetName=GND Pin=C7-1
Added Pin To Net: NetName=GND Pin=P5-1
Added Pin To Net: NetName=USART2_RX Pin=P6-1
Added Pin To Net: NetName=USART2_TX Pin=P7-1
Added Pin To Net: NetName=System_5V Pin=U1-1
Added Pin To Net: NetName=GND Pin=U1-2
Added Pin To Net: NetName=System_5V Pin=U1-3
Added Pin To Net: NetName=GND Pin=U2-2
Added Pin To Net: NetName=USART2_TX Pin=U2-14
Added Pin To Net: NetName=USART2_RX Pin=U2-15
Added Pin To Net: NetName=GND Pin=U2-18
Added Pin To Net: NetName=GND Pin=U2-19
Added Pin To Net: NetName=I2C2_SCL Pin=U3-1
Added Pin To Net: NetName=GND Pin=U3-9
Added Pin To Net: NetName=GND Pin=U3-11
Added Pin To Net: NetName=I2C2_SDA Pin=U3-16
Added Pin To Net: NetName=3V3 Pin=C2-1
Added Pin To Net: NetName=3V3 Pin=C3-1
Added Pin To Net: NetName=3V3 Pin=C4-1
Added Pin To Net: NetName=3V3 Pin=C5-2
Added Pin To Net: NetName=3V3 Pin=U1-5
Added Pin To Net: NetName=3V3 Pin=U2-17
Added Pin To Net: NetName=3V3 Pin=U3-2
Added Pin To Net: NetName=3V3 Pin=U3-4
Added Pin To Net: NetName=3V3 Pin=U3-13
Added Net: Name=3V3
Added Pin To Net: NetName=NetC6_1 Pin=C6-1
Added Pin To Net: NetName=NetC6_1 Pin=U3-8
Added Net: Name=NetC6_1
Added Pin To Net: NetName=NetC7_2 Pin=C7-2
Added Pin To Net: NetName=NetC7_2 Pin=U3-10
Added Net: Name=NetC7_2
Added Pin To Net: NetName=NetP8_1 Pin=P8-1
Added Pin To Net: NetName=NetP8_1 Pin=U2-11
Added Net: Name=NetP8_1
Added Pin To Net: NetName=SETC Pin=C6-2
Added Pin To Net: NetName=SETC Pin=U3-12
Added Net: Name=SETC
Added Member To Class: ClassName=Payload Member=Component C1 1uF
Added Member To Class: ClassName=Payload Member=Component C2 1uF
Added Member To Class: ClassName=Payload Member=Component C3 100nF
Added Member To Class: ClassName=Payload Member=Component C4 100nF
Added Member To Class: ClassName=Payload Member=Component C5 1uF
Added Member To Class: ClassName=Payload Member=Component C6 0.22uF
Added Member To Class: ClassName=Payload Member=Component C7 4.7uF
Added Member To Class: ClassName=Payload Member=Component P5 BurnPad
Added Member To Class: ClassName=Payload Member=Component P6 BurnPad
Added Member To Class: ClassName=Payload Member=Component P7 BurnPad
Added Member To Class: ClassName=Payload Member=Component P8 BurnPad
Added Member To Class: ClassName=Payload Member=Component U2 ESP-01F-2M
Added Member To Class: ClassName=Payload Member=Component U3 QMC5883L
