Added Component: Designator=J1(BAT_8P_M)
Added Component: Designator=U1(M2+2)
Add component (AddParameter): Name = "Add into BOM"; Value = "yes"; VariantName = "[No Variations]"
Add component (AddParameter): Name = "Convert to PCB"; Value = "yes"; VariantName = "[No Variations]"
Add component (AddParameter): Name = "Datasheet"; Value = "https://atta.szlcsc.com/upload/public/pdf/source/20211122/17CF5E24EB4D4DC090A80DE3D7DE5E21.pdf"; VariantName = "[No Variations]"
Add component (AddParameter): Name = "Device"; Value = "SMTSO2020CTJ"; VariantName = "[No Variations]"
Add component (AddParameter): Name = "JLCPCB Part Class"; Value = "Extended Part"; VariantName = "[No Variations]"
Add component (AddParameter): Name = "LCSC Part Name"; Value = "ÐÛºÍÔ¶¾°£¬µçÂ·°å±íÌùÔ²ÂÝÄ¸Öù£¬M2X2£¬Í­¶ÆÎý"; VariantName = "[No Variations]"
Add component (AddParameter): Name = "Manufacturer"; Value = "Sinhoo(ÐÛºÍÔ¶¾°)"; VariantName = "[No Variations]"
Add component (AddParameter): Name = "Manufacturer Part"; Value = "SMTSO2020CTJ"; VariantName = "[No Variations]"
Add component (AddParameter): Name = "Name"; Value = "SMTSO2020CTJ"; VariantName = "[No Variations]"
Add component (AddParameter): Name = "Supplier"; Value = "LCSC"; VariantName = "[No Variations]"
Add component (AddParameter): Name = "Supplier Footprint"; Value = "-"; VariantName = "[No Variations]"
Add component (AddParameter): Name = "Supplier Part"; Value = "C2915626"; VariantName = "[No Variations]"
Add component (AddParameter): Name = "Symbol"; Value = "SMTSO2020CTJ"; VariantName = "[No Variations]"
Added Component: Designator=U2(M2+2)
Add component (AddParameter): Name = "Add into BOM"; Value = "yes"; VariantName = "[No Variations]"
Add component (AddParameter): Name = "Convert to PCB"; Value = "yes"; VariantName = "[No Variations]"
Add component (AddParameter): Name = "Datasheet"; Value = "https://atta.szlcsc.com/upload/public/pdf/source/20211122/17CF5E24EB4D4DC090A80DE3D7DE5E21.pdf"; VariantName = "[No Variations]"
Add component (AddParameter): Name = "Device"; Value = "SMTSO2020CTJ"; VariantName = "[No Variations]"
Add component (AddParameter): Name = "JLCPCB Part Class"; Value = "Extended Part"; VariantName = "[No Variations]"
Add component (AddParameter): Name = "LCSC Part Name"; Value = "ÐÛºÍÔ¶¾°£¬µçÂ·°å±íÌùÔ²ÂÝÄ¸Öù£¬M2X2£¬Í­¶ÆÎý"; VariantName = "[No Variations]"
Add component (AddParameter): Name = "Manufacturer"; Value = "Sinhoo(ÐÛºÍÔ¶¾°)"; VariantName = "[No Variations]"
Add component (AddParameter): Name = "Manufacturer Part"; Value = "SMTSO2020CTJ"; VariantName = "[No Variations]"
Add component (AddParameter): Name = "Name"; Value = "SMTSO2020CTJ"; VariantName = "[No Variations]"
Add component (AddParameter): Name = "Supplier"; Value = "LCSC"; VariantName = "[No Variations]"
Add component (AddParameter): Name = "Supplier Footprint"; Value = "-"; VariantName = "[No Variations]"
Add component (AddParameter): Name = "Supplier Part"; Value = "C2915626"; VariantName = "[No Variations]"
Add component (AddParameter): Name = "Symbol"; Value = "SMTSO2020CTJ"; VariantName = "[No Variations]"
Added Class: Name=BatteryBoard
